<?xml version='1.0' encoding='UTF-8'?>
<testsuite hostname="Himanshus-MacBook-Air.local" name="org.CS441.hw3.hdongr2.ConfigSpec" tests="4" errors="0" failures="0" skipped="0" time="0.007" timestamp="2024-12-01T00:45:45">
          <properties>
      <property name="java.specification.version" value="22"/><property name="sun.jnu.encoding" value="UTF-8"/><property name="sun.arch.data.model" value="64"/><property name="java.vendor.url" value="https://java.oracle.com/"/><property name="sun.boot.library.path" value="/Users/prosaiclabyrinth/Library/Java/JavaVirtualMachines/openjdk-22.0.1/Contents/Home/lib"/><property name="sun.java.command" value="/opt/homebrew/Cellar/sbt/1.10.5/libexec/bin/sbt-launch.jar test"/><property name="jdk.debug" value="release"/><property name="java.specification.vendor" value="Oracle Corporation"/><property name="java.version.date" value="2024-04-16"/><property name="java.home" value="/Users/prosaiclabyrinth/Library/Java/JavaVirtualMachines/openjdk-22.0.1/Contents/Home"/><property name="file.separator" value="/"/><property name="java.vm.compressedOopsMode" value="Zero based"/><property name="line.separator" value="
"/><property name="java.vm.specification.vendor" value="Oracle Corporation"/><property name="java.specification.name" value="Java Platform API Specification"/><property name="sun.management.compiler" value="HotSpot 64-Bit Tiered Compilers"/><property name="java.runtime.version" value="22.0.1+8-16"/><property name="user.name" value="prosaiclabyrinth"/><property name="log4j.ignoreTCL" value="true"/><property name="file.encoding" value="UTF-8"/><property name="java.io.tmpdir" value="/var/folders/t8/2mp_kkj97_d02tnw3ctsrxkr0000gn/T/"/><property name="java.version" value="22.0.1"/><property name="java.vm.specification.name" value="Java Virtual Machine Specification"/><property name="native.encoding" value="UTF-8"/><property name="java.library.path" value="/Users/prosaiclabyrinth/Library/Java/Extensions:/Library/Java/Extensions:/Network/Library/Java/Extensions:/System/Library/Java/Extensions:/usr/lib/java:."/><property name="stderr.encoding" value="UTF-8"/><property name="java.vendor" value="Oracle Corporation"/><property name="scala.ext.dirs" value="/Users/prosaiclabyrinth/.sbt/1.0/java9-rt-ext-oracle_corporation_22_0_1"/><property name="sun.io.unicode.encoding" value="UnicodeBig"/><property name="socksNonProxyHosts" value="local|*.local|169.254/16|*.169.254/16"/><property name="java.class.path" value="/opt/homebrew/Cellar/sbt/1.10.5/libexec/bin/sbt-launch.jar"/><property name="java.vm.vendor" value="Oracle Corporation"/><property name="jline.shutdownhook" value="false"/><property name="user.timezone" value="America/Chicago"/><property name="java.vm.specification.version" value="22"/><property name="os.name" value="Mac OS X"/><property name="sun.java.launcher" value="SUN_STANDARD"/><property name="user.country" value="GB"/><property name="http.nonProxyHosts" value="local|*.local|169.254/16|*.169.254/16"/><property name="sun.cpu.endian" value="little"/><property name="user.home" value="/Users/prosaiclabyrinth"/><property name="user.language" value="en"/><property name="sbt.script" value="/opt/homebrew/Cellar/sbt/1.10.5/libexec/bin/sbt"/><property name="sbt.ipcsocket.tmpdir" value="/var/folders/t8/2mp_kkj97_d02tnw3ctsrxkr0000gn/T/.sbtb74d0ce6/ipcsocket"/><property name="swoval.tmpdir" value="/var/folders/t8/2mp_kkj97_d02tnw3ctsrxkr0000gn/T/.sbtb74d0ce6/swoval"/><property name="apple.awt.application.name" value="Boot"/><property name="jline.esc.timeout" value="0"/><property name="ftp.nonProxyHosts" value="local|*.local|169.254/16|*.169.254/16"/><property name="stdout.encoding" value="UTF-8"/><property name="path.separator" value=":"/><property name="os.version" value="14.6.1"/><property name="jna.nosys" value="true"/><property name="java.runtime.name" value="OpenJDK Runtime Environment"/><property name="java.vm.name" value="OpenJDK 64-Bit Server VM"/><property name="java.vendor.url.bug" value="https://bugreport.java.com/bugreport/"/><property name="user.dir" value="/Users/prosaiclabyrinth/Desktop/CS/CS441/hw3/proj/BedREST"/><property name="os.arch" value="aarch64"/><property name="java.vm.info" value="mixed mode, sharing"/><property name="java.vm.version" value="22.0.1+8-16"/><property name="java.class.version" value="66.0"/>
    </properties>
          <testcase classname="org.CS441.hw3.hdongr2.ConfigSpec" name="The root config should have max tokens in the path" time="0.007">
                      
                    </testcase><testcase classname="org.CS441.hw3.hdongr2.ConfigSpec" name="The root config should have a RESTful server configuration in the path" time="0.0">
                      
                    </testcase><testcase classname="org.CS441.hw3.hdongr2.ConfigSpec" name="The server config should should have its host IP in the path" time="0.0">
                      
                    </testcase><testcase classname="org.CS441.hw3.hdongr2.ConfigSpec" name="The server config should should have its port in the path" time="0.0">
                      
                    </testcase>
          <system-out><![CDATA[]]></system-out>
          <system-err><![CDATA[]]></system-err>
        </testsuite>